[debug] [2026-02-14T22:29:10.228Z] ----------------------------------------------------------------------
[debug] [2026-02-14T22:29:10.230Z] Command:       /usr/local/bin/firebase /Users/bastiencabirou/.cache/firebase/tools/lib/node_modules/firebase-tools/lib/bin/firebase deploy --only hosting
[debug] [2026-02-14T22:29:10.231Z] CLI Version:   12.4.3
[debug] [2026-02-14T22:29:10.232Z] Platform:      darwin
[debug] [2026-02-14T22:29:10.232Z] Node Version:  v16.16.0
[debug] [2026-02-14T22:29:10.244Z] Time:          Sun Feb 15 2026 09:29:10 GMT+1100 (Australian Eastern Daylight Time)
[debug] [2026-02-14T22:29:10.245Z] ----------------------------------------------------------------------
[debug] 
[debug] [2026-02-14T22:29:10.364Z] > command requires scopes: ["email","openid","https://www.googleapis.com/auth/cloudplatformprojects.readonly","https://www.googleapis.com/auth/firebase","https://www.googleapis.com/auth/cloud-platform"]
[debug] [2026-02-14T22:29:10.366Z] > authorizing via signed-in user (b.cabirou@gmail.com)
[debug] [2026-02-14T22:29:10.366Z] [iam] checking project aona-ai-governance-fw for permissions ["firebase.projects.get","firebasehosting.sites.update"]
[debug] [2026-02-14T22:29:10.369Z] > refreshing access token with scopes: []
[debug] [2026-02-14T22:29:10.372Z] >>> [apiv2][query] POST https://www.googleapis.com/oauth2/v3/token [none]
[debug] [2026-02-14T22:29:10.373Z] >>> [apiv2][body] POST https://www.googleapis.com/oauth2/v3/token [omitted]
[debug] [2026-02-14T22:29:10.784Z] <<< [apiv2][status] POST https://www.googleapis.com/oauth2/v3/token 200
[debug] [2026-02-14T22:29:10.786Z] <<< [apiv2][body] POST https://www.googleapis.com/oauth2/v3/token [omitted]
[debug] [2026-02-14T22:29:10.799Z] >>> [apiv2][query] POST https://cloudresourcemanager.googleapis.com/v1/projects/aona-ai-governance-fw:testIamPermissions [none]
[debug] [2026-02-14T22:29:10.800Z] >>> [apiv2][(partial)header] POST https://cloudresourcemanager.googleapis.com/v1/projects/aona-ai-governance-fw:testIamPermissions x-goog-quota-user=projects/aona-ai-governance-fw
[debug] [2026-02-14T22:29:10.800Z] >>> [apiv2][body] POST https://cloudresourcemanager.googleapis.com/v1/projects/aona-ai-governance-fw:testIamPermissions {"permissions":["firebase.projects.get","firebasehosting.sites.update"]}
[debug] [2026-02-14T22:29:11.161Z] <<< [apiv2][status] POST https://cloudresourcemanager.googleapis.com/v1/projects/aona-ai-governance-fw:testIamPermissions 200
[debug] [2026-02-14T22:29:11.161Z] <<< [apiv2][body] POST https://cloudresourcemanager.googleapis.com/v1/projects/aona-ai-governance-fw:testIamPermissions {"permissions":["firebase.projects.get","firebasehosting.sites.update"]}
[debug] [2026-02-14T22:29:11.163Z] >>> [apiv2][query] GET https://firebase.googleapis.com/v1beta1/projects/aona-ai-governance-fw [none]
